
> @ui/tokens@1.0.0 build
> tsup src/index.ts --format esm,cjs --dts

CLI Building entry: src/index.ts
CLI Using tsconfig: tsconfig.json
CLI tsup v6.7.0
CLI Target: node14
ESM Build start
CJS Build start
ESM dist/index.mjs 1.34 KB
ESM ⚡️ Build success in 15ms
CJS dist/index.js 2.49 KB
CJS ⚡️ Build success in 15ms
DTS Build start
DTS ⚡️ Build success in 1086ms
DTS dist/index.d.ts 1.28 KB
npm notice 
npm notice New minor version of npm available! 9.6.6 -> 9.7.2
npm notice Changelog: <https://github.com/npm/cli/releases/tag/v9.7.2>
npm notice Run `npm install -g npm@9.7.2` to update!
npm notice 
