
> @ui-design-system/docs@1.0.0 build
> build-storybook

info @storybook/react v6.5.16
info 
info => Cleaning outputDir: /home/runner/work/design-system/design-system/packages/docs/storybook-static
info => Loading presets
info => Loading custom manager config
info => Compiling manager..
info => Loading custom manager config

attention => Storybook now collects completely anonymous telemetry regarding usage.
This information is used to shape Storybook's roadmap and prioritize features.
You can learn more, including how to opt-out if you'd not like to participate in this anonymous program, by visiting the following URL:
https://storybook.js.org/telemetry

[36mvite v3.2.7 [32mbuilding for production...[36m[39m
transforming...
Use of eval is strongly discouraged, as it poses security risks and may cause issues with minification
Use of eval is strongly discouraged, as it poses security risks and may cause issues with minification
Use of eval is strongly discouraged, as it poses security risks and may cause issues with minification
[32m✓[39m 2546 modules transformed.
rendering chunks...
[90m[37m[2mstorybook-static/[22m[90m[39m[32miframe.html                                         [39m [2m13.49 KiB[22m
[90m[37m[2mstorybook-static/[22m[90m[39m[36massets/index.a71ae73c.js                            [39m [2m7.21 KiB / gzip: 2.95 KiB[22m
[90m[37m[2mstorybook-static/[22m[90m[39m[90massets/index.a71ae73c.js.map                        [39m [2m15.35 KiB[22m
[90m[37m[2mstorybook-static/[22m[90m[39m[36massets/jsx-runtime.f141f8c1.js                      [39m [2m1.06 KiB / gzip: 0.65 KiB[22m
[90m[37m[2mstorybook-static/[22m[90m[39m[90massets/jsx-runtime.f141f8c1.js.map                  [39m [2m2.12 KiB[22m
[90m[37m[2mstorybook-static/[22m[90m[39m[36massets/es.map.constructor.e0fe5c99.js               [39m [2m0.24 KiB / gzip: 0.20 KiB[22m
[90m[37m[2mstorybook-static/[22m[90m[39m[90massets/es.map.constructor.e0fe5c99.js.map           [39m [2m0.75 KiB[22m
[90m[37m[2mstorybook-static/[22m[90m[39m[36massets/string.c86de58f.js                           [39m [2m0.36 KiB / gzip: 0.28 KiB[22m
[90m[37m[2mstorybook-static/[22m[90m[39m[90massets/string.c86de58f.js.map                       [39m [2m1.08 KiB[22m
[90m[37m[2mstorybook-static/[22m[90m[39m[36massets/config.30114c03.js                           [39m [2m5.87 KiB / gzip: 2.33 KiB[22m
[90m[37m[2mstorybook-static/[22m[90m[39m[90massets/config.30114c03.js.map                       [39m [2m20.27 KiB[22m
[90m[37m[2mstorybook-static/[22m[90m[39m[36massets/preview.8d11d7af.js                          [39m [2m0.78 KiB / gzip: 0.48 KiB[22m
[90m[37m[2mstorybook-static/[22m[90m[39m[90massets/preview.8d11d7af.js.map                      [39m [2m7.27 KiB[22m
[90m[37m[2mstorybook-static/[22m[90m[39m[36massets/make-decorator.76a4c2ab.js                   [39m [2m0.84 KiB / gzip: 0.49 KiB[22m
[90m[37m[2mstorybook-static/[22m[90m[39m[90massets/make-decorator.76a4c2ab.js.map               [39m [2m2.99 KiB[22m
[90m[37m[2mstorybook-static/[22m[90m[39m[36massets/preview.1581ac1f.js                          [39m [2m1.85 KiB / gzip: 0.67 KiB[22m
[90m[37m[2mstorybook-static/[22m[90m[39m[90massets/preview.1581ac1f.js.map                      [39m [2m4.19 KiB[22m
[90m[37m[2mstorybook-static/[22m[90m[39m[36massets/preview.06e8b19b.js                          [39m [2m9.52 KiB / gzip: 3.34 KiB[22m
[90m[37m[2mstorybook-static/[22m[90m[39m[90massets/preview.06e8b19b.js.map                      [39m [2m38.45 KiB[22m
[90m[37m[2mstorybook-static/[22m[90m[39m[36massets/preview.9227b2d5.js                          [39m [2m4.47 KiB / gzip: 1.71 KiB[22m
[90m[37m[2mstorybook-static/[22m[90m[39m[90massets/preview.9227b2d5.js.map                      [39m [2m16.78 KiB[22m
[90m[37m[2mstorybook-static/[22m[90m[39m[36massets/preview.4a518818.js                          [39m [2m10.17 KiB / gzip: 3.94 KiB[22m
[90m[37m[2mstorybook-static/[22m[90m[39m[90massets/preview.4a518818.js.map                      [39m [2m42.64 KiB[22m
[90m[37m[2mstorybook-static/[22m[90m[39m[36massets/es.number.to-fixed.6977a075.js               [39m [2m1.65 KiB / gzip: 1.00 KiB[22m
[90m[37m[2mstorybook-static/[22m[90m[39m[90massets/es.number.to-fixed.6977a075.js.map           [39m [2m8.00 KiB[22m
[90m[37m[2mstorybook-static/[22m[90m[39m[36massets/preview.8e9af0b5.js                          [39m [2m7.96 KiB / gzip: 1.66 KiB[22m
[90m[37m[2mstorybook-static/[22m[90m[39m[90massets/preview.8e9af0b5.js.map                      [39m [2m16.87 KiB[22m
[90m[37m[2mstorybook-static/[22m[90m[39m[36massets/preview.b7a35112.js                          [39m [2m26.36 KiB / gzip: 8.32 KiB[22m
[90m[37m[2mstorybook-static/[22m[90m[39m[90massets/preview.b7a35112.js.map                      [39m [2m102.60 KiB[22m
[90m[37m[2mstorybook-static/[22m[90m[39m[36massets/preview.f033bb20.js                          [39m [2m3.32 KiB / gzip: 1.50 KiB[22m
[90m[37m[2mstorybook-static/[22m[90m[39m[90massets/preview.f033bb20.js.map                      [39m [2m13.94 KiB[22m
[90m[37m[2mstorybook-static/[22m[90m[39m[36massets/preview.dc1a639e.js                          [39m [2m0.34 KiB / gzip: 0.25 KiB[22m
[90m[37m[2mstorybook-static/[22m[90m[39m[90massets/preview.dc1a639e.js.map                      [39m [2m0.67 KiB[22m
[90m[37m[2mstorybook-static/[22m[90m[39m[36massets/home.stories.550804c2.js                     [39m [2m1.16 KiB / gzip: 0.68 KiB[22m
[90m[37m[2mstorybook-static/[22m[90m[39m[90massets/home.stories.550804c2.js.map                 [39m [2m1.17 KiB[22m
[90m[37m[2mstorybook-static/[22m[90m[39m[36massets/colors.stories.ac6e9bbb.js                   [39m [2m9.21 KiB / gzip: 3.91 KiB[22m
[90m[37m[2mstorybook-static/[22m[90m[39m[90massets/colors.stories.ac6e9bbb.js.map               [39m [2m142.57 KiB[22m
[90m[37m[2mstorybook-static/[22m[90m[39m[36massets/index.49d37c86.js                            [39m [2m0.87 KiB / gzip: 0.46 KiB[22m
[90m[37m[2mstorybook-static/[22m[90m[39m[90massets/index.49d37c86.js.map                        [39m [2m2.46 KiB[22m
[90m[37m[2mstorybook-static/[22m[90m[39m[36massets/font-sizes.stories.35f7e7a7.js               [39m [2m1.31 KiB / gzip: 0.74 KiB[22m
[90m[37m[2mstorybook-static/[22m[90m[39m[90massets/font-sizes.stories.35f7e7a7.js.map           [39m [2m1.46 KiB[22m
[90m[37m[2mstorybook-static/[22m[90m[39m[36massets/TokensGrid.4139aa5b.js                       [39m [2m1.06 KiB / gzip: 0.54 KiB[22m
[90m[37m[2mstorybook-static/[22m[90m[39m[90massets/TokensGrid.4139aa5b.js.map                   [39m [2m1.62 KiB[22m
[90m[37m[2mstorybook-static/[22m[90m[39m[36massets/font-weights.stories.bcb17feb.js             [39m [2m1.31 KiB / gzip: 0.73 KiB[22m
[90m[37m[2mstorybook-static/[22m[90m[39m[90massets/font-weights.stories.bcb17feb.js.map         [39m [2m1.44 KiB[22m
[90m[37m[2mstorybook-static/[22m[90m[39m[36massets/fonts.stories.ca63e1c6.js                    [39m [2m1.31 KiB / gzip: 0.73 KiB[22m
[90m[37m[2mstorybook-static/[22m[90m[39m[90massets/fonts.stories.ca63e1c6.js.map                [39m [2m1.41 KiB[22m
[90m[37m[2mstorybook-static/[22m[90m[39m[36massets/line-height.stories.2a9ade33.js              [39m [2m1.29 KiB / gzip: 0.73 KiB[22m
[90m[37m[2mstorybook-static/[22m[90m[39m[90massets/line-height.stories.2a9ade33.js.map          [39m [2m1.43 KiB[22m
[90m[37m[2mstorybook-static/[22m[90m[39m[36massets/radii.stories.e09f63e0.js                    [39m [2m1.29 KiB / gzip: 0.73 KiB[22m
[90m[37m[2mstorybook-static/[22m[90m[39m[90massets/radii.stories.e09f63e0.js.map                [39m [2m1.39 KiB[22m
[90m[37m[2mstorybook-static/[22m[90m[39m[36massets/space.stories.3180e857.js                    [39m [2m1.30 KiB / gzip: 0.74 KiB[22m
[90m[37m[2mstorybook-static/[22m[90m[39m[90massets/space.stories.3180e857.js.map                [39m [2m1.43 KiB[22m
[90m[37m[2mstorybook-static/[22m[90m[39m[36massets/Avatar.stories.6feed3d0.js                   [39m [2m0.46 KiB / gzip: 0.32 KiB[22m
[90m[37m[2mstorybook-static/[22m[90m[39m[90massets/Avatar.stories.6feed3d0.js.map               [39m [2m0.10 KiB[22m
[90m[37m[2mstorybook-static/[22m[90m[39m[36massets/index.f1a1ae2e.js                            [39m [2m38.69 KiB / gzip: 13.72 KiB[22m
[90m[37m[2mstorybook-static/[22m[90m[39m[90massets/index.f1a1ae2e.js.map                        [39m [2m139.12 KiB[22m
[90m[37m[2mstorybook-static/[22m[90m[39m[36massets/Box.stories.7e7c41de.js                      [39m [2m0.42 KiB / gzip: 0.28 KiB[22m
[90m[37m[2mstorybook-static/[22m[90m[39m[90massets/Box.stories.7e7c41de.js.map                  [39m [2m0.10 KiB[22m
[90m[37m[2mstorybook-static/[22m[90m[39m[36massets/Button.stories.3fef2f41.js                   [39m [2m2.99 KiB / gzip: 0.96 KiB[22m
[90m[37m[2mstorybook-static/[22m[90m[39m[90massets/Button.stories.3fef2f41.js.map               [39m [2m6.12 KiB[22m
[90m[37m[2mstorybook-static/[22m[90m[39m[36massets/Checkbox.stories.3a49a168.js                 [39m [2m0.51 KiB / gzip: 0.35 KiB[22m
[90m[37m[2mstorybook-static/[22m[90m[39m[90massets/Checkbox.stories.3a49a168.js.map             [39m [2m0.11 KiB[22m
[90m[37m[2mstorybook-static/[22m[90m[39m[36massets/Heading.stories.22ec1445.js                  [39m [2m0.66 KiB / gzip: 0.43 KiB[22m
[90m[37m[2mstorybook-static/[22m[90m[39m[90massets/Heading.stories.22ec1445.js.map              [39m [2m0.11 KiB[22m
[90m[37m[2mstorybook-static/[22m[90m[39m[36massets/MultiStep.stories.dfa51b9e.js                [39m [2m0.49 KiB / gzip: 0.33 KiB[22m
[90m[37m[2mstorybook-static/[22m[90m[39m[90massets/MultiStep.stories.dfa51b9e.js.map            [39m [2m0.11 KiB[22m
[90m[37m[2mstorybook-static/[22m[90m[39m[36massets/Text.stories.d44f19ee.js                     [39m [2m0.72 KiB / gzip: 0.46 KiB[22m
[90m[37m[2mstorybook-static/[22m[90m[39m[90massets/Text.stories.d44f19ee.js.map                 [39m [2m0.10 KiB[22m
[90m[37m[2mstorybook-static/[22m[90m[39m[36massets/TextArea.stories.3106cb63.js                 [39m [2m0.56 KiB / gzip: 0.37 KiB[22m
[90m[37m[2mstorybook-static/[22m[90m[39m[90massets/TextArea.stories.3106cb63.js.map             [39m [2m0.11 KiB[22m
[90m[37m[2mstorybook-static/[22m[90m[39m[36massets/TextInput.stories.aa5deda0.js                [39m [2m0.64 KiB / gzip: 0.41 KiB[22m
[90m[37m[2mstorybook-static/[22m[90m[39m[90massets/TextInput.stories.aa5deda0.js.map            [39m [2m0.11 KiB[22m
[90m[37m[2mstorybook-static/[22m[90m[39m[36massets/renderDocs.db48ac3e.js                       [39m [2m2.65 KiB / gzip: 1.29 KiB[22m
[90m[37m[2mstorybook-static/[22m[90m[39m[90massets/renderDocs.db48ac3e.js.map                   [39m [2m9.57 KiB[22m
[90m[37m[2mstorybook-static/[22m[90m[39m[36massets/client.3e0439c1.js                           [39m [2m0.67 KiB / gzip: 0.42 KiB[22m
[90m[37m[2mstorybook-static/[22m[90m[39m[90massets/client.3e0439c1.js.map                       [39m [2m0.89 KiB[22m
[90m[37m[2mstorybook-static/[22m[90m[39m[36massets/index.b42a930b.js                            [39m [2m2.49 KiB / gzip: 1.22 KiB[22m
[90m[37m[2mstorybook-static/[22m[90m[39m[90massets/index.b42a930b.js.map                        [39m [2m6.00 KiB[22m
[90m[37m[2mstorybook-static/[22m[90m[39m[36massets/es.string.from-code-point.bf246b33.js        [39m [2m0.52 KiB / gzip: 0.38 KiB[22m
[90m[37m[2mstorybook-static/[22m[90m[39m[90massets/es.string.from-code-point.bf246b33.js.map    [39m [2m2.13 KiB[22m
[90m[37m[2mstorybook-static/[22m[90m[39m[36massets/es.regexp.flags.14d0c13b.js                  [39m [2m0.60 KiB / gzip: 0.42 KiB[22m
[90m[37m[2mstorybook-static/[22m[90m[39m[90massets/es.regexp.flags.14d0c13b.js.map              [39m [2m2.68 KiB[22m
[90m[37m[2mstorybook-static/[22m[90m[39m[36massets/GlobalScrollAreaStyles-8793ce4a.fbbb20b1.js  [39m [2m10.33 KiB / gzip: 2.36 KiB[22m
[90m[37m[2mstorybook-static/[22m[90m[39m[90massets/GlobalScrollAreaStyles-8793ce4a.fbbb20b1.js.map[39m [2m20.40 KiB[22m
[90m[37m[2mstorybook-static/[22m[90m[39m[36massets/WithTooltip-167e9982.513f8fc6.js             [39m [2m40.44 KiB / gzip: 13.53 KiB[22m
[90m[37m[2mstorybook-static/[22m[90m[39m[90massets/WithTooltip-167e9982.513f8fc6.js.map         [39m [2m176.41 KiB[22m
[90m[37m[2mstorybook-static/[22m[90m[39m[36massets/Color-f953d088.a98d0160.js                   [39m [2m33.86 KiB / gzip: 12.76 KiB[22m
[90m[37m[2mstorybook-static/[22m[90m[39m[90massets/Color-f953d088.a98d0160.js.map               [39m [2m129.69 KiB[22m
[90m[37m[2mstorybook-static/[22m[90m[39m[35massets/TokensGrid.fb663473.css                      [39m [2m0.43 KiB / gzip: 0.22 KiB[22m
[90m[37m[2mstorybook-static/[22m[90m[39m[36massets/index.67a07425.js                            [39m [2m59.72 KiB / gzip: 21.77 KiB[22m
[90m[37m[2mstorybook-static/[22m[90m[39m[90massets/index.67a07425.js.map                        [39m [2m266.70 KiB[22m
[90m[37m[2mstorybook-static/[22m[90m[39m[36massets/OverlayScrollbars-1355f44c.68eced96.js       [39m [2m63.21 KiB / gzip: 26.82 KiB[22m
[90m[37m[2mstorybook-static/[22m[90m[39m[90massets/OverlayScrollbars-1355f44c.68eced96.js.map   [39m [2m430.22 KiB[22m
[90m[37m[2mstorybook-static/[22m[90m[39m[36massets/index.29cb8539.js                            [39m [2m135.69 KiB / gzip: 44.59 KiB[22m
[90m[37m[2mstorybook-static/[22m[90m[39m[90massets/index.29cb8539.js.map                        [39m [2m327.51 KiB[22m
[90m[37m[2mstorybook-static/[22m[90m[39m[36massets/syntaxhighlighter-b07b042a.08644b8c.js       [39m [2m125.90 KiB / gzip: 47.90 KiB[22m
[90m[37m[2mstorybook-static/[22m[90m[39m[90massets/syntaxhighlighter-b07b042a.08644b8c.js.map   [39m [2m455.37 KiB[22m
[90m[37m[2mstorybook-static/[22m[90m[39m[36massets/config.2fda8d5a.js                           [39m [2m303.73 KiB / gzip: 89.10 KiB[22m
[90m[37m[2mstorybook-static/[22m[90m[39m[90massets/config.2fda8d5a.js.map                       [39m [33m1085.17 KiB[39m
[90m[37m[2mstorybook-static/[22m[90m[39m[36massets/Props.f6a1cb95.js                            [39m [2m411.71 KiB / gzip: 121.27 KiB[22m
[90m[37m[2mstorybook-static/[22m[90m[39m[90massets/Props.f6a1cb95.js.map                        [39m [33m881.23 KiB[39m
[90m[37m[2mstorybook-static/[22m[90m[39m[36massets/iframe.ba936141.js                           [39m [33m511.47 KiB / gzip: 142.28 KiB[39m
[90m[37m[2mstorybook-static/[22m[90m[39m[90massets/iframe.ba936141.js.map                       [39m [33m1407.84 KiB[39m
[90m[37m[2mstorybook-static/[22m[90m[39m[36massets/axe.4577a74a.js                              [39m [33m556.39 KiB / gzip: 155.23 KiB[39m
[90m[37m[2mstorybook-static/[22m[90m[39m[90massets/axe.4577a74a.js.map                          [39m [33m1897.33 KiB[39m
[90m[37m[2mstorybook-static/[22m[90m[39m[36massets/formatter-0d5cb0eb.43b55537.js               [39m [33m740.96 KiB / gzip: 234.01 KiB[39m
[90m[37m[2mstorybook-static/[22m[90m[39m[90massets/formatter-0d5cb0eb.43b55537.js.map           [39m [33m1742.02 KiB[39m
[33m
(!) Some chunks are larger than 500 KiB after minification. Consider:
- Using dynamic import() to code-split the application
- Use build.rollupOptions.output.manualChunks to improve chunking: https://rollupjs.org/guide/en/#outputmanualchunks
- Adjust chunk size limit for this warning via build.chunkSizeWarningLimit.[39m
info => Manager built (1.92 min)
info => Output directory: /home/runner/work/design-system/design-system/packages/docs/storybook-static
